<?xml version="1.0" encoding="UTF-8"?>
<!-- Generated by org.testng.reporters.JUnitReportReporter -->
<testsuite hostname="PureBook-S14" failures="0" tests="1" name="Login.LoginTest" time="18.705" errors="0" timestamp="2025-04-14T11:02:18 IST" skipped="0">
  <testcase classname="Login.LoginTest" name="test" time="18.705">
    <system-out>
      <![CDATA[test--Started--
Test Pass: Button text matches exactly
test--Success--]]>
    </system-out>
  </testcase> <!-- test -->
  <system-out>
    <![CDATA[Report configuration
test--Started--
Test Pass: Button text matches exactly
test--Success--]]>
  </system-out>
</testsuite> <!-- Login.LoginTest -->
